<?xml version="1.0" encoding="UTF-8"?>
<testng-results ignored="0" total="1" passed="1" failed="0" skipped="0">
  <reporter-output>
  </reporter-output>
  <suite started-at="2022-10-27T08:59:45 MST" name="Default suite" finished-at="2022-10-27T08:59:52 MST" duration-ms="6459">
    <groups>
    </groups>
    <test started-at="2022-10-27T08:59:45 MST" name="Default test" finished-at="2022-10-27T08:59:52 MST" duration-ms="6459">
      <class name="testCases.TC001_LoginLogOut">
        <test-method is-config="true" signature="setData()[pri:0, instance:testCases.TC001_LoginLogOut@479d31f3]" started-at="2022-10-27T08:59:45 MST" name="setData" finished-at="2022-10-27T08:59:45 MST" duration-ms="5" status="PASS">
          <reporter-output>
          </reporter-output>
        </test-method> <!-- setData -->
        <test-method is-config="true" signature="login()[pri:0, instance:testCases.TC001_LoginLogOut@479d31f3]" started-at="2022-10-27T08:59:46 MST" name="login" finished-at="2022-10-27T08:59:50 MST" duration-ms="4352" status="PASS">
          <reporter-output>
          </reporter-output>
        </test-method> <!-- login -->
        <test-method signature="loginLogOut(java.lang.String,java.lang.String)[pri:0, instance:testCases.TC001_LoginLogOut@479d31f3]" started-at="2022-10-27T08:59:50 MST" name="loginLogOut" data-provider="getData" finished-at="2022-10-27T08:59:51 MST" duration-ms="1308" status="PASS">
          <params>
            <param index="0">
              <value>
                <![CDATA[DemoSalesManager]]>
              </value>
            </param>
            <param index="1">
              <value>
                <![CDATA[crmsfa]]>
              </value>
            </param>
          </params>
          <reporter-output>
          </reporter-output>
        </test-method> <!-- loginLogOut -->
        <test-method is-config="true" signature="closeBrowser()[pri:0, instance:testCases.TC001_LoginLogOut@479d31f3]" started-at="2022-10-27T08:59:51 MST" name="closeBrowser" finished-at="2022-10-27T08:59:52 MST" duration-ms="219" status="PASS">
          <reporter-output>
          </reporter-output>
        </test-method> <!-- closeBrowser -->
      </class> <!-- testCases.TC001_LoginLogOut -->
    </test> <!-- Default test -->
  </suite> <!-- Default suite -->
</testng-results>
